<?xml version="1.0" encoding="UTF-8"?>
<!-- Generated by org.testng.reporters.JUnitReportReporter -->
<testsuite hostname="NJFW3QS72-PC" name="com.bill99.cps.test.interfaces.MgwCnpWithPayEquity" tests="3" failures="0" timestamp="21 Jun 2017 07:18:02 GMT" time="5.703" errors="0">
  <testcase name="cnpPur" time="0.345" classname="com.bill99.cps.test.interfaces.MgwCnpWithPayEquity"/>
  <testcase name="cnpPur" time="1.839" classname="com.bill99.cps.test.interfaces.MgwCnpWithPayEquity"/>
  <testcase name="cnpPur" time="3.519" classname="com.bill99.cps.test.interfaces.MgwCnpWithPayEquity"/>
</testsuite> <!-- com.bill99.cps.test.interfaces.MgwCnpWithPayEquity -->
