<?xml version="1.0" encoding="UTF-8"?>
<!-- Generated by org.testng.reporters.JUnitReportReporter -->
<testsuite hostname="NJFW3QS72-PC" name="com.bill99.cps.test.interfaces.MgwWithPayEquity" tests="2" failures="0" timestamp="21 Jun 2017 07:17:34 GMT" time="24.722" errors="0">
  <testcase name="quickPayFirst" time="20.700" classname="com.bill99.cps.test.interfaces.MgwWithPayEquity"/>
  <testcase name="quickPaySecond" time="4.022" classname="com.bill99.cps.test.interfaces.MgwWithPayEquity"/>
</testsuite> <!-- com.bill99.cps.test.interfaces.MgwWithPayEquity -->
