<?xml version="1.0" encoding="UTF-8"?>
<!-- Generated by org.testng.reporters.JUnitReportReporter -->
<testsuite hostname="NJFW3QS72-PC" name="com.bill99.cps.test.interfaces.MgwCnp" tests="1" failures="0" timestamp="26 Jun 2017 16:47:01 GMT" time="25.871" errors="0">
  <testcase name="cnpInp" time="25.871" classname="com.bill99.cps.test.interfaces.MgwCnp"/>
</testsuite> <!-- com.bill99.cps.test.interfaces.MgwCnp -->
